<?xml version="1.0" encoding="UTF-8"?>
<!-- Generated by org.testng.reporters.JUnitReportReporter -->
<testsuite hostname="ONTASH-42" name="com.cafe.testcases.CafeLearnRegressionTest" tests="1" failures="0" timestamp="25 Mar 2014 05:35:28 GMT" time="0.087" errors="0">
  <testcase name="f" time="0.087" classname="com.cafe.testcases.CafeLearnRegressionTest"/>
</testsuite> <!-- com.cafe.testcases.CafeLearnRegressionTest -->
